

*******************************************************************************
Wed Feb 26 16:51:02 2020


FIT:    data read from "lignin_vs_final_yield.txt" u 1:2
        format = x:z
        x range restricted to [0.00000 : 50.0000]
        #datapoints = 4
        residuals are weighted equally (unit weight)

function used for fitting: f(x)
	f(x) = a*x + b
fitted parameters initialized with current variable values

iter      chisq       delta/lim  lambda   a             b            
   0 1.0333553772e+04   0.00e+00  1.32e+01    1.000000e+00   1.000000e+00
   5 8.1147822378e+01  -6.66e-05  1.32e-04   -1.265184e+00   8.557309e+01

After 5 iterations the fit converged.
final sum of squares of residuals : 81.1478
rel. change during last iteration : -6.66427e-10

degrees of freedom    (FIT_NDF)                        : 2
rms of residuals      (FIT_STDFIT) = sqrt(WSSR/ndf)    : 6.36977
variance of residuals (reduced chisquare) = WSSR/ndf   : 40.5739

Final set of parameters            Asymptotic Standard Error
=======================            ==========================
a               = -1.26518         +/- 0.3791       (29.96%)
b               = 85.5731          +/- 7.062        (8.252%)

correlation matrix of the fit parameters:
                a      b      
a               1.000 
b              -0.893  1.000 


*******************************************************************************
Wed Feb 26 16:52:06 2020


FIT:    data read from "lignin_vs_final_yield.txt" u 1:2
        format = x:z
        x range restricted to [0.00000 : 50.0000]
        #datapoints = 4
        residuals are weighted equally (unit weight)

function used for fitting: f(x)
	f(x) = a*x + b
fitted parameters initialized with current variable values

iter      chisq       delta/lim  lambda   a             b            
   0 1.0333553772e+04   0.00e+00  1.32e+01    1.000000e+00   1.000000e+00
   5 8.1147822378e+01  -6.66e-05  1.32e-04   -1.265184e+00   8.557309e+01

After 5 iterations the fit converged.
final sum of squares of residuals : 81.1478
rel. change during last iteration : -6.66427e-10

degrees of freedom    (FIT_NDF)                        : 2
rms of residuals      (FIT_STDFIT) = sqrt(WSSR/ndf)    : 6.36977
variance of residuals (reduced chisquare) = WSSR/ndf   : 40.5739

Final set of parameters            Asymptotic Standard Error
=======================            ==========================
a               = -1.26518         +/- 0.3791       (29.96%)
b               = 85.5731          +/- 7.062        (8.252%)

correlation matrix of the fit parameters:
                a      b      
a               1.000 
b              -0.893  1.000 


*******************************************************************************
Wed Feb 26 16:52:24 2020


FIT:    data read from "lignin_vs_final_yield.txt" u 1:2
        format = x:z
        x range restricted to [0.00000 : 50.0000]
        #datapoints = 4
        residuals are weighted equally (unit weight)

function used for fitting: f(x)
	f(x) = a*x + b
fitted parameters initialized with current variable values

iter      chisq       delta/lim  lambda   a             b            
   0 1.0333553772e+04   0.00e+00  1.32e+01    1.000000e+00   1.000000e+00
   5 8.1147822378e+01  -6.66e-05  1.32e-04   -1.265184e+00   8.557309e+01

After 5 iterations the fit converged.
final sum of squares of residuals : 81.1478
rel. change during last iteration : -6.66427e-10

degrees of freedom    (FIT_NDF)                        : 2
rms of residuals      (FIT_STDFIT) = sqrt(WSSR/ndf)    : 6.36977
variance of residuals (reduced chisquare) = WSSR/ndf   : 40.5739

Final set of parameters            Asymptotic Standard Error
=======================            ==========================
a               = -1.26518         +/- 0.3791       (29.96%)
b               = 85.5731          +/- 7.062        (8.252%)

correlation matrix of the fit parameters:
                a      b      
a               1.000 
b              -0.893  1.000 


*******************************************************************************
Wed Feb 26 16:52:48 2020


FIT:    data read from "lignin_vs_final_yield.txt" u 1:2
        format = x:z
        x range restricted to [0.00000 : 50.0000]
        #datapoints = 4
        residuals are weighted equally (unit weight)

function used for fitting: f(x)
	f(x) = a*x + b
fitted parameters initialized with current variable values

iter      chisq       delta/lim  lambda   a             b            
   0 1.0333553772e+04   0.00e+00  1.32e+01    1.000000e+00   1.000000e+00
   5 8.1147822378e+01  -6.66e-05  1.32e-04   -1.265184e+00   8.557309e+01

After 5 iterations the fit converged.
final sum of squares of residuals : 81.1478
rel. change during last iteration : -6.66427e-10

degrees of freedom    (FIT_NDF)                        : 2
rms of residuals      (FIT_STDFIT) = sqrt(WSSR/ndf)    : 6.36977
variance of residuals (reduced chisquare) = WSSR/ndf   : 40.5739

Final set of parameters            Asymptotic Standard Error
=======================            ==========================
a               = -1.26518         +/- 0.3791       (29.96%)
b               = 85.5731          +/- 7.062        (8.252%)

correlation matrix of the fit parameters:
                a      b      
a               1.000 
b              -0.893  1.000 


*******************************************************************************
Wed Feb 26 17:01:31 2020


FIT:    data read from "lignin_vs_final_yield.txt" u 1:2
        format = x:z
        x range restricted to [0.00000 : 50.0000]
        #datapoints = 4
        residuals are weighted equally (unit weight)

function used for fitting: f(x)
	f(x) = a*x + b
fitted parameters initialized with current variable values

iter      chisq       delta/lim  lambda   a             b            
   0 1.0333553772e+04   0.00e+00  1.32e+01    1.000000e+00   1.000000e+00
   5 8.1147822378e+01  -6.66e-05  1.32e-04   -1.265184e+00   8.557309e+01

After 5 iterations the fit converged.
final sum of squares of residuals : 81.1478
rel. change during last iteration : -6.66427e-10

degrees of freedom    (FIT_NDF)                        : 2
rms of residuals      (FIT_STDFIT) = sqrt(WSSR/ndf)    : 6.36977
variance of residuals (reduced chisquare) = WSSR/ndf   : 40.5739

Final set of parameters            Asymptotic Standard Error
=======================            ==========================
a               = -1.26518         +/- 0.3791       (29.96%)
b               = 85.5731          +/- 7.062        (8.252%)

correlation matrix of the fit parameters:
                a      b      
a               1.000 
b              -0.893  1.000 


*******************************************************************************
Wed Feb 26 17:01:57 2020


FIT:    data read from "lignin_vs_final_yield.txt" u 1:2
        format = x:z
        x range restricted to [0.00000 : 50.0000]
        #datapoints = 4
        residuals are weighted equally (unit weight)

function used for fitting: f(x)
	f(x) = a*x + b
fitted parameters initialized with current variable values

iter      chisq       delta/lim  lambda   a             b            
   0 1.0333553772e+04   0.00e+00  1.32e+01    1.000000e+00   1.000000e+00
   5 8.1147822378e+01  -6.66e-05  1.32e-04   -1.265184e+00   8.557309e+01

After 5 iterations the fit converged.
final sum of squares of residuals : 81.1478
rel. change during last iteration : -6.66427e-10

degrees of freedom    (FIT_NDF)                        : 2
rms of residuals      (FIT_STDFIT) = sqrt(WSSR/ndf)    : 6.36977
variance of residuals (reduced chisquare) = WSSR/ndf   : 40.5739

Final set of parameters            Asymptotic Standard Error
=======================            ==========================
a               = -1.26518         +/- 0.3791       (29.96%)
b               = 85.5731          +/- 7.062        (8.252%)

correlation matrix of the fit parameters:
                a      b      
a               1.000 
b              -0.893  1.000 


*******************************************************************************
Wed Feb 26 17:03:44 2020


FIT:    data read from "lignin_vs_final_yield.txt" u 1:2
        format = x:z
        x range restricted to [0.00000 : 50.0000]
        #datapoints = 6
        residuals are weighted equally (unit weight)

function used for fitting: f(x)
	f(x) = a*x + b
fitted parameters initialized with current variable values

iter      chisq       delta/lim  lambda   a             b            
   0 1.1264866205e+04   0.00e+00  2.09e+01    1.000000e+00   1.000000e+00
   5 8.4835794291e+01  -4.71e-04  2.09e-04   -1.322684e+00   8.626049e+01

After 5 iterations the fit converged.
final sum of squares of residuals : 84.8358
rel. change during last iteration : -4.70856e-09

degrees of freedom    (FIT_NDF)                        : 4
rms of residuals      (FIT_STDFIT) = sqrt(WSSR/ndf)    : 4.60532
variance of residuals (reduced chisquare) = WSSR/ndf   : 21.2089

Final set of parameters            Asymptotic Standard Error
=======================            ==========================
a               = -1.32268         +/- 0.1263       (9.548%)
b               = 86.2605          +/- 3.738        (4.333%)

correlation matrix of the fit parameters:
                a      b      
a               1.000 
b              -0.864  1.000 


*******************************************************************************
Wed Feb 26 17:03:59 2020


FIT:    data read from "lignin_vs_final_yield.txt" u 1:2
        format = x:z
        x range restricted to [0.00000 : 55.0000]
        #datapoints = 6
        residuals are weighted equally (unit weight)

function used for fitting: f(x)
	f(x) = a*x + b
fitted parameters initialized with current variable values

iter      chisq       delta/lim  lambda   a             b            
   0 1.1264866205e+04   0.00e+00  2.09e+01    1.000000e+00   1.000000e+00
   5 8.4835794291e+01  -4.71e-04  2.09e-04   -1.322684e+00   8.626049e+01

After 5 iterations the fit converged.
final sum of squares of residuals : 84.8358
rel. change during last iteration : -4.70856e-09

degrees of freedom    (FIT_NDF)                        : 4
rms of residuals      (FIT_STDFIT) = sqrt(WSSR/ndf)    : 4.60532
variance of residuals (reduced chisquare) = WSSR/ndf   : 21.2089

Final set of parameters            Asymptotic Standard Error
=======================            ==========================
a               = -1.32268         +/- 0.1263       (9.548%)
b               = 86.2605          +/- 3.738        (4.333%)

correlation matrix of the fit parameters:
                a      b      
a               1.000 
b              -0.864  1.000 


*******************************************************************************
Wed Feb 26 17:04:11 2020


FIT:    data read from "lignin_vs_final_yield.txt" u 1:2
        format = x:z
        x range restricted to [0.00000 : 55.0000]
        #datapoints = 6
        residuals are weighted equally (unit weight)

function used for fitting: f(x)
	f(x) = a*x + b
fitted parameters initialized with current variable values

iter      chisq       delta/lim  lambda   a             b            
   0 1.1264866205e+04   0.00e+00  2.09e+01    1.000000e+00   1.000000e+00
   5 8.4835794291e+01  -4.71e-04  2.09e-04   -1.322684e+00   8.626049e+01

After 5 iterations the fit converged.
final sum of squares of residuals : 84.8358
rel. change during last iteration : -4.70856e-09

degrees of freedom    (FIT_NDF)                        : 4
rms of residuals      (FIT_STDFIT) = sqrt(WSSR/ndf)    : 4.60532
variance of residuals (reduced chisquare) = WSSR/ndf   : 21.2089

Final set of parameters            Asymptotic Standard Error
=======================            ==========================
a               = -1.32268         +/- 0.1263       (9.548%)
b               = 86.2605          +/- 3.738        (4.333%)

correlation matrix of the fit parameters:
                a      b      
a               1.000 
b              -0.864  1.000 


*******************************************************************************
Wed Feb 26 18:22:32 2020


FIT:    data read from "lignin_vs_final_yield.txt" u 1:2
        format = x:z
        x range restricted to [0.00000 : 55.0000]
        #datapoints = 7
        residuals are weighted equally (unit weight)

function used for fitting: f(x)
	f(x) = a*x + b
fitted parameters initialized with current variable values

iter      chisq       delta/lim  lambda   a             b            
   0 1.5078266619e+04   0.00e+00  2.07e+01    1.000000e+00   1.000000e+00
   5 1.0197101296e+02  -3.78e-04  2.07e-04   -1.547265e+00   9.617073e+01

After 5 iterations the fit converged.
final sum of squares of residuals : 101.971
rel. change during last iteration : -3.77997e-09

degrees of freedom    (FIT_NDF)                        : 5
rms of residuals      (FIT_STDFIT) = sqrt(WSSR/ndf)    : 4.51599
variance of residuals (reduced chisquare) = WSSR/ndf   : 20.3942

Final set of parameters            Asymptotic Standard Error
=======================            ==========================
a               = -1.54727         +/- 0.1223       (7.902%)
b               = 96.1707          +/- 3.581        (3.724%)

correlation matrix of the fit parameters:
                a      b      
a               1.000 
b              -0.879  1.000 


*******************************************************************************
Wed Feb 26 18:22:42 2020


FIT:    data read from "lignin_vs_final_yield.txt" u 1:2
        format = x:z
        x range restricted to [0.00000 : 55.0000]
        #datapoints = 7
        residuals are weighted equally (unit weight)

function used for fitting: f(x)
	f(x) = a*x + b
fitted parameters initialized with current variable values

iter      chisq       delta/lim  lambda   a             b            
   0 1.5078266619e+04   0.00e+00  2.07e+01    1.000000e+00   1.000000e+00
   5 1.0197101296e+02  -3.78e-04  2.07e-04   -1.547265e+00   9.617073e+01

After 5 iterations the fit converged.
final sum of squares of residuals : 101.971
rel. change during last iteration : -3.77997e-09

degrees of freedom    (FIT_NDF)                        : 5
rms of residuals      (FIT_STDFIT) = sqrt(WSSR/ndf)    : 4.51599
variance of residuals (reduced chisquare) = WSSR/ndf   : 20.3942

Final set of parameters            Asymptotic Standard Error
=======================            ==========================
a               = -1.54727         +/- 0.1223       (7.902%)
b               = 96.1707          +/- 3.581        (3.724%)

correlation matrix of the fit parameters:
                a      b      
a               1.000 
b              -0.879  1.000 


*******************************************************************************
Wed Feb 26 18:23:36 2020


FIT:    data read from "lignin_vs_final_yield.txt" u 1:2
        format = x:z
        x range restricted to [0.00000 : 55.0000]
        #datapoints = 7
        residuals are weighted equally (unit weight)

function used for fitting: f(x)
	f(x) = a*x + b
fitted parameters initialized with current variable values

iter      chisq       delta/lim  lambda   a             b            
   0 1.5078266619e+04   0.00e+00  2.07e+01    1.000000e+00   1.000000e+00
   5 1.0197101296e+02  -3.78e-04  2.07e-04   -1.547265e+00   9.617073e+01

After 5 iterations the fit converged.
final sum of squares of residuals : 101.971
rel. change during last iteration : -3.77997e-09

degrees of freedom    (FIT_NDF)                        : 5
rms of residuals      (FIT_STDFIT) = sqrt(WSSR/ndf)    : 4.51599
variance of residuals (reduced chisquare) = WSSR/ndf   : 20.3942

Final set of parameters            Asymptotic Standard Error
=======================            ==========================
a               = -1.54727         +/- 0.1223       (7.902%)
b               = 96.1707          +/- 3.581        (3.724%)

correlation matrix of the fit parameters:
                a      b      
a               1.000 
b              -0.879  1.000 


*******************************************************************************
Wed Feb 26 18:23:52 2020


FIT:    data read from "lignin_vs_final_yield.txt" u 1:2
        format = x:z
        x range restricted to [0.00000 : 55.0000]
        #datapoints = 7
        residuals are weighted equally (unit weight)

function used for fitting: f(x)
	f(x) = a*x + b
fitted parameters initialized with current variable values

iter      chisq       delta/lim  lambda   a             b            
   0 1.5078266619e+04   0.00e+00  2.07e+01    1.000000e+00   1.000000e+00
   5 1.0197101296e+02  -3.78e-04  2.07e-04   -1.547265e+00   9.617073e+01

After 5 iterations the fit converged.
final sum of squares of residuals : 101.971
rel. change during last iteration : -3.77997e-09

degrees of freedom    (FIT_NDF)                        : 5
rms of residuals      (FIT_STDFIT) = sqrt(WSSR/ndf)    : 4.51599
variance of residuals (reduced chisquare) = WSSR/ndf   : 20.3942

Final set of parameters            Asymptotic Standard Error
=======================            ==========================
a               = -1.54727         +/- 0.1223       (7.902%)
b               = 96.1707          +/- 3.581        (3.724%)

correlation matrix of the fit parameters:
                a      b      
a               1.000 
b              -0.879  1.000 


*******************************************************************************
Wed Feb 26 18:24:10 2020


FIT:    data read from "lignin_vs_final_yield.txt" u 1:2
        format = x:z
        x range restricted to [0.00000 : 55.0000]
        #datapoints = 7
        residuals are weighted equally (unit weight)

function used for fitting: f(x)
	f(x) = a*x + b
fitted parameters initialized with current variable values

iter      chisq       delta/lim  lambda   a             b            
   0 1.5078266619e+04   0.00e+00  2.07e+01    1.000000e+00   1.000000e+00
   5 1.0197101296e+02  -3.78e-04  2.07e-04   -1.547265e+00   9.617073e+01

After 5 iterations the fit converged.
final sum of squares of residuals : 101.971
rel. change during last iteration : -3.77997e-09

degrees of freedom    (FIT_NDF)                        : 5
rms of residuals      (FIT_STDFIT) = sqrt(WSSR/ndf)    : 4.51599
variance of residuals (reduced chisquare) = WSSR/ndf   : 20.3942

Final set of parameters            Asymptotic Standard Error
=======================            ==========================
a               = -1.54727         +/- 0.1223       (7.902%)
b               = 96.1707          +/- 3.581        (3.724%)

correlation matrix of the fit parameters:
                a      b      
a               1.000 
b              -0.879  1.000 


*******************************************************************************
Wed Feb 26 18:24:37 2020


FIT:    data read from "lignin_vs_final_yield.txt" u 1:2
        format = x:z
        x range restricted to [0.00000 : 55.0000]
        #datapoints = 7
        residuals are weighted equally (unit weight)

function used for fitting: f(x)
	f(x) = a*x + b
fitted parameters initialized with current variable values

iter      chisq       delta/lim  lambda   a             b            
   0 1.5078266619e+04   0.00e+00  2.07e+01    1.000000e+00   1.000000e+00
   5 1.0197101296e+02  -3.78e-04  2.07e-04   -1.547265e+00   9.617073e+01

After 5 iterations the fit converged.
final sum of squares of residuals : 101.971
rel. change during last iteration : -3.77997e-09

degrees of freedom    (FIT_NDF)                        : 5
rms of residuals      (FIT_STDFIT) = sqrt(WSSR/ndf)    : 4.51599
variance of residuals (reduced chisquare) = WSSR/ndf   : 20.3942

Final set of parameters            Asymptotic Standard Error
=======================            ==========================
a               = -1.54727         +/- 0.1223       (7.902%)
b               = 96.1707          +/- 3.581        (3.724%)

correlation matrix of the fit parameters:
                a      b      
a               1.000 
b              -0.879  1.000 


*******************************************************************************
Wed Feb 26 18:25:38 2020


FIT:    data read from "lignin_vs_final_yield.txt" u 1:2
        format = x:z
        x range restricted to [0.00000 : 55.0000]
        #datapoints = 7
        residuals are weighted equally (unit weight)

function used for fitting: f(x)
	f(x) = a*x + b
fitted parameters initialized with current variable values

iter      chisq       delta/lim  lambda   a             b            
   0 1.5078266619e+04   0.00e+00  2.07e+01    1.000000e+00   1.000000e+00
   5 1.0197101296e+02  -3.78e-04  2.07e-04   -1.547265e+00   9.617073e+01

After 5 iterations the fit converged.
final sum of squares of residuals : 101.971
rel. change during last iteration : -3.77997e-09

degrees of freedom    (FIT_NDF)                        : 5
rms of residuals      (FIT_STDFIT) = sqrt(WSSR/ndf)    : 4.51599
variance of residuals (reduced chisquare) = WSSR/ndf   : 20.3942

Final set of parameters            Asymptotic Standard Error
=======================            ==========================
a               = -1.54727         +/- 0.1223       (7.902%)
b               = 96.1707          +/- 3.581        (3.724%)

correlation matrix of the fit parameters:
                a      b      
a               1.000 
b              -0.879  1.000 


*******************************************************************************
Wed Feb 26 18:26:03 2020


FIT:    data read from "lignin_vs_final_yield.txt" u 1:2
        format = x:z
        x range restricted to [0.00000 : 55.0000]
        #datapoints = 7
        residuals are weighted equally (unit weight)

function used for fitting: f(x)
	f(x) = a*x + b
fitted parameters initialized with current variable values

iter      chisq       delta/lim  lambda   a             b            
   0 1.5078266619e+04   0.00e+00  2.07e+01    1.000000e+00   1.000000e+00
   5 1.0197101296e+02  -3.78e-04  2.07e-04   -1.547265e+00   9.617073e+01

After 5 iterations the fit converged.
final sum of squares of residuals : 101.971
rel. change during last iteration : -3.77997e-09

degrees of freedom    (FIT_NDF)                        : 5
rms of residuals      (FIT_STDFIT) = sqrt(WSSR/ndf)    : 4.51599
variance of residuals (reduced chisquare) = WSSR/ndf   : 20.3942

Final set of parameters            Asymptotic Standard Error
=======================            ==========================
a               = -1.54727         +/- 0.1223       (7.902%)
b               = 96.1707          +/- 3.581        (3.724%)

correlation matrix of the fit parameters:
                a      b      
a               1.000 
b              -0.879  1.000 


*******************************************************************************
Wed Feb 26 18:26:34 2020


FIT:    data read from "lignin_vs_final_yield.txt" u 1:2
        format = x:z
        x range restricted to [0.00000 : 55.0000]
        #datapoints = 5
        residuals are weighted equally (unit weight)

function used for fitting: f(x)
	f(x) = a*x + b
fitted parameters initialized with current variable values

iter      chisq       delta/lim  lambda   a             b            
   0 1.1567534372e+04   0.00e+00  2.25e+01    1.000000e+00   1.000000e+00
   5 4.8228097965e+01  -3.53e-03  2.25e-04   -1.531473e+00   9.594719e+01

After 5 iterations the fit converged.
final sum of squares of residuals : 48.2281
rel. change during last iteration : -3.5316e-08

degrees of freedom    (FIT_NDF)                        : 3
rms of residuals      (FIT_STDFIT) = sqrt(WSSR/ndf)    : 4.00949
variance of residuals (reduced chisquare) = WSSR/ndf   : 16.076

Final set of parameters            Asymptotic Standard Error
=======================            ==========================
a               = -1.53147         +/- 0.1113       (7.27%)
b               = 95.9472          +/- 3.548        (3.698%)

correlation matrix of the fit parameters:
                a      b      
a               1.000 
b              -0.863  1.000 


*******************************************************************************
Wed Feb 26 18:30:21 2020


FIT:    data read from "lignin_vs_final_yield.txt" u 1:2
        format = x:z
        x range restricted to [0.00000 : 55.0000]
        #datapoints = 5
        residuals are weighted equally (unit weight)

function used for fitting: f(x)
	f(x) = a*x + b
fitted parameters initialized with current variable values

iter      chisq       delta/lim  lambda   a             b            
   0 1.1567534372e+04   0.00e+00  2.25e+01    1.000000e+00   1.000000e+00
   5 4.8228097965e+01  -3.53e-03  2.25e-04   -1.531473e+00   9.594719e+01

After 5 iterations the fit converged.
final sum of squares of residuals : 48.2281
rel. change during last iteration : -3.5316e-08

degrees of freedom    (FIT_NDF)                        : 3
rms of residuals      (FIT_STDFIT) = sqrt(WSSR/ndf)    : 4.00949
variance of residuals (reduced chisquare) = WSSR/ndf   : 16.076

Final set of parameters            Asymptotic Standard Error
=======================            ==========================
a               = -1.53147         +/- 0.1113       (7.27%)
b               = 95.9472          +/- 3.548        (3.698%)

correlation matrix of the fit parameters:
                a      b      
a               1.000 
b              -0.863  1.000 
